<?xml version="1.0" encoding="UTF-8"?>
<coverage generated="1701313443464" clover="3.2.0">
  <project timestamp="1701313443464" name="All files">
    <metrics statements="86" coveredstatements="82" conditionals="24" coveredconditionals="16" methods="35" coveredmethods="31" elements="145" coveredelements="129" complexity="0" loc="86" ncloc="86" packages="5" files="12" classes="12"/>
    <package name="my-react">
      <metrics statements="3" coveredstatements="2" conditionals="0" coveredconditionals="0" methods="1" coveredmethods="0"/>
      <file name="assetsTransformer.js" path="/Users/tulikaharsulkar/Projects/React/my-react/assetsTransformer.js">
        <metrics statements="3" coveredstatements="2" conditionals="0" coveredconditionals="0" methods="1" coveredmethods="0"/>
        <line num="1" count="4" type="stmt"/>
        <line num="3" count="4" type="stmt"/>
        <line num="5" count="0" type="stmt"/>
      </file>
    </package>
    <package name="my-react.src.components">
      <metrics statements="73" coveredstatements="72" conditionals="24" coveredconditionals="16" methods="29" coveredmethods="28"/>
      <file name="Body.js" path="/Users/tulikaharsulkar/Projects/React/my-react/src/components/Body.js">
        <metrics statements="30" coveredstatements="30" conditionals="8" coveredconditionals="6" methods="10" coveredmethods="10"/>
        <line num="9" count="2" type="stmt"/>
        <line num="10" count="15" type="stmt"/>
        <line num="11" count="15" type="stmt"/>
        <line num="12" count="15" type="stmt"/>
        <line num="13" count="15" type="stmt"/>
        <line num="14" count="15" type="stmt"/>
        <line num="16" count="15" type="stmt"/>
        <line num="18" count="15" type="stmt"/>
        <line num="20" count="15" type="cond" truecount="1" falsecount="1"/>
        <line num="22" count="15" type="stmt"/>
        <line num="23" count="5" type="stmt"/>
        <line num="26" count="15" type="stmt"/>
        <line num="27" count="5" type="stmt"/>
        <line num="28" count="5" type="stmt"/>
        <line num="31" count="15" type="stmt"/>
        <line num="32" count="15" type="cond" truecount="1" falsecount="1"/>
        <line num="34" count="15" type="cond" truecount="2" falsecount="0"/>
        <line num="35" count="5" type="stmt"/>
        <line num="38" count="10" type="stmt"/>
        <line num="46" count="2" type="stmt"/>
        <line num="52" count="2" type="stmt"/>
        <line num="53" count="14" type="stmt"/>
        <line num="57" count="2" type="stmt"/>
        <line num="58" count="2" type="stmt"/>
        <line num="68" count="2" type="stmt"/>
        <line num="76" count="1" type="stmt"/>
        <line num="77" count="7" type="stmt"/>
        <line num="79" count="1" type="stmt"/>
        <line num="80" count="1" type="stmt"/>
        <line num="89" count="58" type="stmt"/>
      </file>
      <file name="Cart.js" path="/Users/tulikaharsulkar/Projects/React/my-react/src/components/Cart.js">
        <metrics statements="6" coveredstatements="6" conditionals="0" coveredconditionals="0" methods="3" coveredmethods="3"/>
        <line num="5" count="1" type="stmt"/>
        <line num="6" count="8" type="stmt"/>
        <line num="7" count="4" type="stmt"/>
        <line num="10" count="4" type="stmt"/>
        <line num="12" count="4" type="stmt"/>
        <line num="16" count="1" type="stmt"/>
      </file>
      <file name="Contact.js" path="/Users/tulikaharsulkar/Projects/React/my-react/src/components/Contact.js">
        <metrics statements="2" coveredstatements="2" conditionals="0" coveredconditionals="0" methods="1" coveredmethods="1"/>
        <line num="1" count="1" type="stmt"/>
        <line num="2" count="3" type="stmt"/>
      </file>
      <file name="Header.js" path="/Users/tulikaharsulkar/Projects/React/my-react/src/components/Header.js">
        <metrics statements="10" coveredstatements="9" conditionals="8" coveredconditionals="4" methods="4" coveredmethods="3"/>
        <line num="9" count="2" type="stmt"/>
        <line num="10" count="23" type="stmt"/>
        <line num="11" count="23" type="stmt"/>
        <line num="12" count="23" type="stmt"/>
        <line num="13" count="23" type="stmt"/>
        <line num="16" count="23" type="cond" truecount="1" falsecount="1"/>
        <line num="18" count="44" type="stmt"/>
        <line num="20" count="23" type="stmt"/>
        <line num="30" count="0" type="cond" truecount="0" falsecount="2"/>
        <line num="41" count="2" type="cond" truecount="2" falsecount="0"/>
      </file>
      <file name="ItemList.js" path="/Users/tulikaharsulkar/Projects/React/my-react/src/components/ItemList.js">
        <metrics statements="7" coveredstatements="7" conditionals="2" coveredconditionals="1" methods="4" coveredmethods="4"/>
        <line num="6" count="1" type="stmt"/>
        <line num="8" count="10" type="stmt"/>
        <line num="10" count="10" type="stmt"/>
        <line num="11" count="3" type="stmt"/>
        <line num="14" count="10" type="stmt"/>
        <line num="17" count="45" type="stmt"/>
        <line num="34" count="3" type="stmt"/>
      </file>
      <file name="RestaurantCard.js" path="/Users/tulikaharsulkar/Projects/React/my-react/src/components/RestaurantCard.js">
        <metrics statements="9" coveredstatements="9" conditionals="2" coveredconditionals="1" methods="3" coveredmethods="3"/>
        <line num="8" count="3" type="stmt"/>
        <line num="10" count="60" type="stmt"/>
        <line num="11" count="60" type="stmt"/>
        <line num="13" count="60" type="stmt"/>
        <line num="14" count="60" type="cond" truecount="1" falsecount="1"/>
        <line num="16" count="60" type="stmt"/>
        <line num="32" count="3" type="stmt"/>
        <line num="33" count="16" type="stmt"/>
        <line num="34" count="35" type="stmt"/>
      </file>
      <file name="RestaurantMenu.js" path="/Users/tulikaharsulkar/Projects/React/my-react/src/components/RestaurantMenu.js">
        <metrics statements="9" coveredstatements="9" conditionals="4" coveredconditionals="4" methods="4" coveredmethods="4"/>
        <line num="5" count="1" type="stmt"/>
        <line num="6" count="27" type="stmt"/>
        <line num="7" count="26" type="stmt"/>
        <line num="9" count="26" type="cond" truecount="2" falsecount="0"/>
        <line num="11" count="16" type="stmt"/>
        <line num="13" count="240" type="stmt"/>
        <line num="17" count="16" type="stmt"/>
        <line num="28" count="144" type="stmt"/>
        <line num="32" count="6" type="stmt"/>
      </file>
    </package>
    <package name="my-react.src.hooks">
      <metrics statements="7" coveredstatements="5" conditionals="0" coveredconditionals="0" methods="4" coveredmethods="2"/>
      <file name="useOnlineStatus.js" path="/Users/tulikaharsulkar/Projects/React/my-react/src/hooks/useOnlineStatus.js">
        <metrics statements="7" coveredstatements="5" conditionals="0" coveredconditionals="0" methods="4" coveredmethods="2"/>
        <line num="4" count="39" type="stmt"/>
        <line num="5" count="39" type="stmt"/>
        <line num="7" count="23" type="stmt"/>
        <line num="8" count="0" type="stmt"/>
        <line num="11" count="23" type="stmt"/>
        <line num="12" count="0" type="stmt"/>
        <line num="16" count="39" type="stmt"/>
      </file>
    </package>
    <package name="my-react.src.redux">
      <metrics statements="1" coveredstatements="1" conditionals="0" coveredconditionals="0" methods="0" coveredmethods="0"/>
      <file name="appStore.js" path="/Users/tulikaharsulkar/Projects/React/my-react/src/redux/appStore.js">
        <metrics statements="1" coveredstatements="1" conditionals="0" coveredconditionals="0" methods="0" coveredmethods="0"/>
        <line num="4" count="2" type="stmt"/>
      </file>
    </package>
    <package name="my-react.src.utils">
      <metrics statements="2" coveredstatements="2" conditionals="0" coveredconditionals="0" methods="1" coveredmethods="1"/>
      <file name="ThemeContext.js" path="/Users/tulikaharsulkar/Projects/React/my-react/src/utils/ThemeContext.js">
        <metrics statements="1" coveredstatements="1" conditionals="0" coveredconditionals="0" methods="0" coveredmethods="0"/>
        <line num="4" count="4" type="stmt"/>
      </file>
      <file name="UserContext.js" path="/Users/tulikaharsulkar/Projects/React/my-react/src/utils/UserContext.js">
        <metrics statements="1" coveredstatements="1" conditionals="0" coveredconditionals="0" methods="1" coveredmethods="1"/>
        <line num="3" count="4" type="stmt"/>
      </file>
    </package>
  </project>
</coverage>
