{"/Users/tulikaharsulkar/Projects/React/my-react/assetsTransformer.js": {"path":"/Users/tulikaharsulkar/Projects/React/my-react/assetsTransformer.js","statementMap":{"0":{"start":{"line":1,"column":13},"end":{"line":1,"column":28}},"1":{"start":{"line":3,"column":0},"end":{"line":7,"column":1}},"2":{"start":{"line":5,"column":4},"end":{"line":5,"column":79}}},"fnMap":{"0":{"name":"(anonymous_0)","decl":{"start":{"line":4,"column":2},"end":{"line":4,"column":3}},"loc":{"start":{"line":4,"column":42},"end":{"line":6,"column":3}},"line":4}},"branchMap":{},"s":{"0":4,"1":4,"2":0},"f":{"0":0},"b":{},"_coverageSchema":"1a1c01bbd47fc00a2c39e90264f33305004495a9","hash":"db3442d346d04461f51f25802f031bc971313ce6"}
,"/Users/tulikaharsulkar/Projects/React/my-react/src/components/Body.js": {"path":"/Users/tulikaharsulkar/Projects/React/my-react/src/components/Body.js","statementMap":{"0":{"start":{"line":9,"column":22},"end":{"line":96,"column":1}},"1":{"start":{"line":10,"column":34},"end":{"line":10,"column":46}},"2":{"start":{"line":11,"column":42},"end":{"line":11,"column":54}},"3":{"start":{"line":12,"column":38},"end":{"line":12,"column":50}},"4":{"start":{"line":13,"column":44},"end":{"line":13,"column":59}},"5":{"start":{"line":14,"column":20},"end":{"line":14,"column":44}},"6":{"start":{"line":16,"column":23},"end":{"line":16,"column":49}},"7":{"start":{"line":18,"column":38},"end":{"line":18,"column":61}},"8":{"start":{"line":20,"column":22},"end":{"line":20,"column":69}},"9":{"start":{"line":22,"column":2},"end":{"line":24,"column":9}},"10":{"start":{"line":23,"column":4},"end":{"line":23,"column":16}},"11":{"start":{"line":26,"column":20},"end":{"line":29,"column":3}},"12":{"start":{"line":27,"column":4},"end":{"line":27,"column":22}},"13":{"start":{"line":28,"column":4},"end":{"line":28,"column":26}},"14":{"start":{"line":31,"column":17},"end":{"line":31,"column":34}},"15":{"start":{"line":32,"column":2},"end":{"line":32,"column":110}},"16":{"start":{"line":32,"column":23},"end":{"line":32,"column":110}},"17":{"start":{"line":34,"column":2},"end":{"line":36,"column":3}},"18":{"start":{"line":35,"column":4},"end":{"line":35,"column":32}},"19":{"start":{"line":38,"column":2},"end":{"line":95,"column":4}},"20":{"start":{"line":46,"column":12},"end":{"line":46,"column":42}},"21":{"start":{"line":52,"column":31},"end":{"line":56,"column":13}},"22":{"start":{"line":53,"column":14},"end":{"line":55,"column":57}},"23":{"start":{"line":57,"column":12},"end":{"line":57,"column":40}},"24":{"start":{"line":58,"column":12},"end":{"line":58,"column":36}},"25":{"start":{"line":68,"column":48},"end":{"line":68,"column":75}},"26":{"start":{"line":76,"column":33},"end":{"line":78,"column":13}},"27":{"start":{"line":77,"column":24},"end":{"line":77,"column":50}},"28":{"start":{"line":79,"column":12},"end":{"line":79,"column":42}},"29":{"start":{"line":80,"column":12},"end":{"line":80,"column":35}},"30":{"start":{"line":89,"column":10},"end":{"line":91,"column":19}}},"fnMap":{"0":{"name":"(anonymous_0)","decl":{"start":{"line":9,"column":22},"end":{"line":9,"column":23}},"loc":{"start":{"line":9,"column":28},"end":{"line":96,"column":1}},"line":9},"1":{"name":"(anonymous_1)","decl":{"start":{"line":22,"column":12},"end":{"line":22,"column":13}},"loc":{"start":{"line":22,"column":18},"end":{"line":24,"column":3}},"line":22},"2":{"name":"(anonymous_2)","decl":{"start":{"line":26,"column":20},"end":{"line":26,"column":21}},"loc":{"start":{"line":26,"column":32},"end":{"line":29,"column":3}},"line":26},"3":{"name":"(anonymous_3)","decl":{"start":{"line":45,"column":20},"end":{"line":45,"column":21}},"loc":{"start":{"line":45,"column":27},"end":{"line":47,"column":11}},"line":45},"4":{"name":"(anonymous_4)","decl":{"start":{"line":51,"column":19},"end":{"line":51,"column":20}},"loc":{"start":{"line":51,"column":25},"end":{"line":59,"column":11}},"line":51},"5":{"name":"(anonymous_5)","decl":{"start":{"line":52,"column":47},"end":{"line":52,"column":48}},"loc":{"start":{"line":53,"column":14},"end":{"line":55,"column":57}},"line":53},"6":{"name":"(anonymous_6)","decl":{"start":{"line":68,"column":41},"end":{"line":68,"column":42}},"loc":{"start":{"line":68,"column":48},"end":{"line":68,"column":75}},"line":68},"7":{"name":"(anonymous_7)","decl":{"start":{"line":75,"column":19},"end":{"line":75,"column":20}},"loc":{"start":{"line":75,"column":25},"end":{"line":82,"column":11}},"line":75},"8":{"name":"(anonymous_8)","decl":{"start":{"line":77,"column":14},"end":{"line":77,"column":15}},"loc":{"start":{"line":77,"column":24},"end":{"line":77,"column":50}},"line":77},"9":{"name":"(anonymous_9)","decl":{"start":{"line":88,"column":26},"end":{"line":88,"column":27}},"loc":{"start":{"line":89,"column":10},"end":{"line":91,"column":19}},"line":89}},"branchMap":{"0":{"loc":{"start":{"line":20,"column":22},"end":{"line":20,"column":69}},"type":"cond-expr","locations":[{"start":{"line":20,"column":42},"end":{"line":20,"column":56}},{"start":{"line":20,"column":59},"end":{"line":20,"column":69}}],"line":20},"1":{"loc":{"start":{"line":32,"column":2},"end":{"line":32,"column":110}},"type":"if","locations":[{"start":{"line":32,"column":2},"end":{"line":32,"column":110}},{"start":{},"end":{}}],"line":32},"2":{"loc":{"start":{"line":34,"column":2},"end":{"line":36,"column":3}},"type":"if","locations":[{"start":{"line":34,"column":2},"end":{"line":36,"column":3}},{"start":{},"end":{}}],"line":34},"3":{"loc":{"start":{"line":90,"column":13},"end":{"line":90,"column":94}},"type":"cond-expr","locations":[{"start":{"line":90,"column":33},"end":{"line":90,"column":62}},{"start":{"line":90,"column":67},"end":{"line":90,"column":94}}],"line":90}},"s":{"0":2,"1":15,"2":15,"3":15,"4":15,"5":15,"6":15,"7":15,"8":15,"9":15,"10":5,"11":15,"12":5,"13":5,"14":15,"15":15,"16":0,"17":15,"18":5,"19":10,"20":2,"21":2,"22":14,"23":2,"24":2,"25":2,"26":1,"27":7,"28":1,"29":1,"30":58},"f":{"0":15,"1":5,"2":5,"3":2,"4":2,"5":14,"6":2,"7":1,"8":7,"9":58},"b":{"0":[0,15],"1":[0,15],"2":[5,10],"3":[34,24]},"_coverageSchema":"1a1c01bbd47fc00a2c39e90264f33305004495a9","hash":"3440f3e3510a46d909bc676d5e6e5cd853042990"}
,"/Users/tulikaharsulkar/Projects/React/my-react/src/components/Cart.js": {"path":"/Users/tulikaharsulkar/Projects/React/my-react/src/components/Cart.js","statementMap":{"0":{"start":{"line":5,"column":13},"end":{"line":21,"column":1}},"1":{"start":{"line":6,"column":18},"end":{"line":6,"column":58}},"2":{"start":{"line":6,"column":41},"end":{"line":6,"column":57}},"3":{"start":{"line":7,"column":21},"end":{"line":9,"column":5}},"4":{"start":{"line":10,"column":21},"end":{"line":10,"column":34}},"5":{"start":{"line":12,"column":4},"end":{"line":20,"column":5}},"6":{"start":{"line":16,"column":31},"end":{"line":16,"column":52}}},"fnMap":{"0":{"name":"(anonymous_0)","decl":{"start":{"line":5,"column":13},"end":{"line":5,"column":14}},"loc":{"start":{"line":5,"column":19},"end":{"line":21,"column":1}},"line":5},"1":{"name":"(anonymous_1)","decl":{"start":{"line":6,"column":30},"end":{"line":6,"column":31}},"loc":{"start":{"line":6,"column":41},"end":{"line":6,"column":57}},"line":6},"2":{"name":"(anonymous_2)","decl":{"start":{"line":16,"column":25},"end":{"line":16,"column":26}},"loc":{"start":{"line":16,"column":31},"end":{"line":16,"column":52}},"line":16}},"branchMap":{},"s":{"0":1,"1":4,"2":8,"3":4,"4":4,"5":4,"6":1},"f":{"0":4,"1":8,"2":1},"b":{},"_coverageSchema":"1a1c01bbd47fc00a2c39e90264f33305004495a9","hash":"84e0b1db4d527a3644c5fad7144ac2b40cf65b4c"}
,"/Users/tulikaharsulkar/Projects/React/my-react/src/components/Contact.js": {"path":"/Users/tulikaharsulkar/Projects/React/my-react/src/components/Contact.js","statementMap":{"0":{"start":{"line":1,"column":16},"end":{"line":21,"column":1}},"1":{"start":{"line":2,"column":4},"end":{"line":20,"column":5}}},"fnMap":{"0":{"name":"(anonymous_0)","decl":{"start":{"line":1,"column":16},"end":{"line":1,"column":17}},"loc":{"start":{"line":1,"column":22},"end":{"line":21,"column":1}},"line":1}},"branchMap":{},"s":{"0":1,"1":3},"f":{"0":3},"b":{},"_coverageSchema":"1a1c01bbd47fc00a2c39e90264f33305004495a9","hash":"2ad78657cac4238cb489db3d1bc84d5a081f01c8"}
,"/Users/tulikaharsulkar/Projects/React/my-react/src/components/Header.js": {"path":"/Users/tulikaharsulkar/Projects/React/my-react/src/components/Header.js","statementMap":{"0":{"start":{"line":9,"column":24},"end":{"line":50,"column":1}},"1":{"start":{"line":10,"column":29},"end":{"line":10,"column":52}},"2":{"start":{"line":11,"column":32},"end":{"line":11,"column":56}},"3":{"start":{"line":12,"column":36},"end":{"line":12,"column":53}},"4":{"start":{"line":13,"column":40},"end":{"line":13,"column":61}},"5":{"start":{"line":16,"column":24},"end":{"line":16,"column":98}},"6":{"start":{"line":18,"column":22},"end":{"line":18,"column":62}},"7":{"start":{"line":18,"column":45},"end":{"line":18,"column":61}},"8":{"start":{"line":20,"column":4},"end":{"line":49,"column":5}},"9":{"start":{"line":30,"column":112},"end":{"line":30,"column":226}},"10":{"start":{"line":41,"column":24},"end":{"line":41,"column":91}}},"fnMap":{"0":{"name":"(anonymous_0)","decl":{"start":{"line":9,"column":24},"end":{"line":9,"column":25}},"loc":{"start":{"line":9,"column":30},"end":{"line":50,"column":1}},"line":9},"1":{"name":"(anonymous_1)","decl":{"start":{"line":18,"column":34},"end":{"line":18,"column":35}},"loc":{"start":{"line":18,"column":45},"end":{"line":18,"column":61}},"line":18},"2":{"name":"(anonymous_2)","decl":{"start":{"line":30,"column":105},"end":{"line":30,"column":106}},"loc":{"start":{"line":30,"column":112},"end":{"line":30,"column":226}},"line":30},"3":{"name":"(anonymous_3)","decl":{"start":{"line":40,"column":59},"end":{"line":40,"column":60}},"loc":{"start":{"line":40,"column":65},"end":{"line":42,"column":21}},"line":40}},"branchMap":{"0":{"loc":{"start":{"line":16,"column":24},"end":{"line":16,"column":98}},"type":"cond-expr","locations":[{"start":{"line":16,"column":43},"end":{"line":16,"column":71}},{"start":{"line":16,"column":74},"end":{"line":16,"column":98}}],"line":16},"1":{"loc":{"start":{"line":30,"column":112},"end":{"line":30,"column":226}},"type":"cond-expr","locations":[{"start":{"line":30,"column":131},"end":{"line":30,"column":177}},{"start":{"line":30,"column":180},"end":{"line":30,"column":226}}],"line":30},"2":{"loc":{"start":{"line":34,"column":85},"end":{"line":34,"column":116}},"type":"cond-expr","locations":[{"start":{"line":34,"column":105},"end":{"line":34,"column":109}},{"start":{"line":34,"column":112},"end":{"line":34,"column":116}}],"line":34},"3":{"loc":{"start":{"line":41,"column":24},"end":{"line":41,"column":91}},"type":"cond-expr","locations":[{"start":{"line":41,"column":47},"end":{"line":41,"column":68}},{"start":{"line":41,"column":71},"end":{"line":41,"column":91}}],"line":41}},"s":{"0":2,"1":23,"2":23,"3":23,"4":23,"5":23,"6":23,"7":44,"8":23,"9":0,"10":2},"f":{"0":23,"1":44,"2":0,"3":2},"b":{"0":[0,23],"1":[0,0],"2":[23,0],"3":[1,1]},"_coverageSchema":"1a1c01bbd47fc00a2c39e90264f33305004495a9","hash":"d4690775b8ba17adc16753e8481be71d62e2b325"}
,"/Users/tulikaharsulkar/Projects/React/my-react/src/components/ItemList.js": {"path":"/Users/tulikaharsulkar/Projects/React/my-react/src/components/ItemList.js","statementMap":{"0":{"start":{"line":6,"column":24},"end":{"line":48,"column":1}},"1":{"start":{"line":8,"column":19},"end":{"line":8,"column":32}},"2":{"start":{"line":10,"column":2},"end":{"line":12,"column":3}},"3":{"start":{"line":11,"column":4},"end":{"line":11,"column":28}},"4":{"start":{"line":14,"column":2},"end":{"line":47,"column":4}},"5":{"start":{"line":17,"column":8},"end":{"line":44,"column":14}},"6":{"start":{"line":34,"column":31},"end":{"line":34,"column":48}}},"fnMap":{"0":{"name":"(anonymous_0)","decl":{"start":{"line":6,"column":24},"end":{"line":6,"column":25}},"loc":{"start":{"line":6,"column":35},"end":{"line":48,"column":1}},"line":6},"1":{"name":"(anonymous_1)","decl":{"start":{"line":10,"column":16},"end":{"line":10,"column":17}},"loc":{"start":{"line":10,"column":26},"end":{"line":12,"column":3}},"line":10},"2":{"name":"(anonymous_2)","decl":{"start":{"line":16,"column":32},"end":{"line":16,"column":33}},"loc":{"start":{"line":17,"column":8},"end":{"line":44,"column":14}},"line":17},"3":{"name":"(anonymous_3)","decl":{"start":{"line":34,"column":25},"end":{"line":34,"column":26}},"loc":{"start":{"line":34,"column":31},"end":{"line":34,"column":48}},"line":34}},"branchMap":{"0":{"loc":{"start":{"line":24,"column":19},"end":{"line":26,"column":69}},"type":"cond-expr","locations":[{"start":{"line":25,"column":22},"end":{"line":25,"column":62}},{"start":{"line":26,"column":22},"end":{"line":26,"column":69}}],"line":24}},"s":{"0":1,"1":10,"2":10,"3":3,"4":10,"5":45,"6":3},"f":{"0":10,"1":3,"2":45,"3":3},"b":{"0":[45,0]},"_coverageSchema":"1a1c01bbd47fc00a2c39e90264f33305004495a9","hash":"3c472bf25c78f532b06fb0789a94734825b26d9d"}
,"/Users/tulikaharsulkar/Projects/React/my-react/src/components/RestaurantCard.js": {"path":"/Users/tulikaharsulkar/Projects/React/my-react/src/components/RestaurantCard.js","statementMap":{"0":{"start":{"line":8,"column":17},"end":{"line":28,"column":1}},"1":{"start":{"line":10,"column":27},"end":{"line":10,"column":50}},"2":{"start":{"line":11,"column":20},"end":{"line":11,"column":44}},"3":{"start":{"line":13,"column":4},"end":{"line":13,"column":17}},"4":{"start":{"line":14,"column":22},"end":{"line":14,"column":97}},"5":{"start":{"line":16,"column":2},"end":{"line":27,"column":4}},"6":{"start":{"line":32,"column":32},"end":{"line":42,"column":1}},"7":{"start":{"line":33,"column":2},"end":{"line":41,"column":3}},"8":{"start":{"line":34,"column":4},"end":{"line":40,"column":5}}},"fnMap":{"0":{"name":"(anonymous_0)","decl":{"start":{"line":8,"column":17},"end":{"line":8,"column":18}},"loc":{"start":{"line":8,"column":34},"end":{"line":28,"column":1}},"line":8},"1":{"name":"(anonymous_1)","decl":{"start":{"line":32,"column":32},"end":{"line":32,"column":33}},"loc":{"start":{"line":32,"column":46},"end":{"line":42,"column":1}},"line":32},"2":{"name":"(anonymous_2)","decl":{"start":{"line":33,"column":9},"end":{"line":33,"column":10}},"loc":{"start":{"line":33,"column":20},"end":{"line":41,"column":3}},"line":33}},"branchMap":{"0":{"loc":{"start":{"line":14,"column":22},"end":{"line":14,"column":97}},"type":"cond-expr","locations":[{"start":{"line":14,"column":42},"end":{"line":14,"column":70}},{"start":{"line":14,"column":73},"end":{"line":14,"column":97}}],"line":14}},"s":{"0":3,"1":60,"2":60,"3":60,"4":60,"5":60,"6":3,"7":16,"8":35},"f":{"0":60,"1":16,"2":35},"b":{"0":[0,60]},"_coverageSchema":"1a1c01bbd47fc00a2c39e90264f33305004495a9","hash":"62cf966c5802cada2c093b8a46a1741e821ec9e8"}
,"/Users/tulikaharsulkar/Projects/React/my-react/src/components/RestaurantMenu.js": {"path":"/Users/tulikaharsulkar/Projects/React/my-react/src/components/RestaurantMenu.js","statementMap":{"0":{"start":{"line":5,"column":23},"end":{"line":38,"column":1}},"1":{"start":{"line":6,"column":19},"end":{"line":6,"column":38}},"2":{"start":{"line":7,"column":36},"end":{"line":7,"column":50}},"3":{"start":{"line":9,"column":2},"end":{"line":9,"column":51}},"4":{"start":{"line":9,"column":25},"end":{"line":9,"column":51}},"5":{"start":{"line":11,"column":4},"end":{"line":15,"column":5}},"6":{"start":{"line":13,"column":8},"end":{"line":14,"column":70}},"7":{"start":{"line":17,"column":2},"end":{"line":37,"column":4}},"8":{"start":{"line":28,"column":10},"end":{"line":33,"column":12}},"9":{"start":{"line":32,"column":32},"end":{"line":32,"column":51}}},"fnMap":{"0":{"name":"(anonymous_0)","decl":{"start":{"line":5,"column":23},"end":{"line":5,"column":24}},"loc":{"start":{"line":5,"column":29},"end":{"line":38,"column":1}},"line":5},"1":{"name":"(anonymous_1)","decl":{"start":{"line":12,"column":6},"end":{"line":12,"column":7}},"loc":{"start":{"line":13,"column":8},"end":{"line":14,"column":70}},"line":13},"2":{"name":"(anonymous_2)","decl":{"start":{"line":27,"column":25},"end":{"line":27,"column":26}},"loc":{"start":{"line":28,"column":10},"end":{"line":33,"column":12}},"line":28},"3":{"name":"(anonymous_3)","decl":{"start":{"line":32,"column":26},"end":{"line":32,"column":27}},"loc":{"start":{"line":32,"column":32},"end":{"line":32,"column":51}},"line":32}},"branchMap":{"0":{"loc":{"start":{"line":9,"column":2},"end":{"line":9,"column":51}},"type":"if","locations":[{"start":{"line":9,"column":2},"end":{"line":9,"column":51}},{"start":{},"end":{}}],"line":9},"1":{"loc":{"start":{"line":30,"column":22},"end":{"line":30,"column":49}},"type":"binary-expr","locations":[{"start":{"line":30,"column":22},"end":{"line":30,"column":41}},{"start":{"line":30,"column":45},"end":{"line":30,"column":49}}],"line":30}},"s":{"0":1,"1":27,"2":26,"3":26,"4":10,"5":16,"6":240,"7":16,"8":144,"9":6},"f":{"0":27,"1":240,"2":144,"3":6},"b":{"0":[10,16],"1":[144,6]},"_coverageSchema":"1a1c01bbd47fc00a2c39e90264f33305004495a9","hash":"9391fa552125155a809cab6ea568da284399884b"}
,"/Users/tulikaharsulkar/Projects/React/my-react/src/hooks/useOnlineStatus.js": {"path":"/Users/tulikaharsulkar/Projects/React/my-react/src/hooks/useOnlineStatus.js","statementMap":{"0":{"start":{"line":4,"column":44},"end":{"line":4,"column":58}},"1":{"start":{"line":5,"column":4},"end":{"line":14,"column":10}},"2":{"start":{"line":7,"column":8},"end":{"line":9,"column":10}},"3":{"start":{"line":8,"column":12},"end":{"line":8,"column":35}},"4":{"start":{"line":11,"column":8},"end":{"line":13,"column":10}},"5":{"start":{"line":12,"column":12},"end":{"line":12,"column":34}},"6":{"start":{"line":16,"column":4},"end":{"line":16,"column":24}}},"fnMap":{"0":{"name":"(anonymous_0)","decl":{"start":{"line":3,"column":33},"end":{"line":3,"column":34}},"loc":{"start":{"line":3,"column":39},"end":{"line":17,"column":1}},"line":3},"1":{"name":"(anonymous_1)","decl":{"start":{"line":5,"column":14},"end":{"line":5,"column":15}},"loc":{"start":{"line":5,"column":20},"end":{"line":14,"column":5}},"line":5},"2":{"name":"(anonymous_2)","decl":{"start":{"line":7,"column":43},"end":{"line":7,"column":44}},"loc":{"start":{"line":7,"column":49},"end":{"line":9,"column":9}},"line":7},"3":{"name":"(anonymous_3)","decl":{"start":{"line":11,"column":42},"end":{"line":11,"column":43}},"loc":{"start":{"line":11,"column":48},"end":{"line":13,"column":9}},"line":11}},"branchMap":{},"s":{"0":39,"1":39,"2":23,"3":0,"4":23,"5":0,"6":39},"f":{"0":39,"1":23,"2":0,"3":0},"b":{},"_coverageSchema":"1a1c01bbd47fc00a2c39e90264f33305004495a9","hash":"a7bbbf1d36d1bf4e0099f063a8c6afe79b41af9f"}
,"/Users/tulikaharsulkar/Projects/React/my-react/src/redux/appStore.js": {"path":"/Users/tulikaharsulkar/Projects/React/my-react/src/redux/appStore.js","statementMap":{"0":{"start":{"line":4,"column":24},"end":{"line":8,"column":2}}},"fnMap":{},"branchMap":{},"s":{"0":2},"f":{},"b":{},"_coverageSchema":"1a1c01bbd47fc00a2c39e90264f33305004495a9","hash":"1c70cfb171a309ba0e9e9ca3814496f13e376457"}
,"/Users/tulikaharsulkar/Projects/React/my-react/src/utils/ThemeContext.js": {"path":"/Users/tulikaharsulkar/Projects/React/my-react/src/utils/ThemeContext.js","statementMap":{"0":{"start":{"line":4,"column":28},"end":{"line":4,"column":50}}},"fnMap":{},"branchMap":{},"s":{"0":4},"f":{},"b":{},"_coverageSchema":"1a1c01bbd47fc00a2c39e90264f33305004495a9","hash":"545497d9455482253f8f1253d8b38f853260a2cf"}
,"/Users/tulikaharsulkar/Projects/React/my-react/src/utils/UserContext.js": {"path":"/Users/tulikaharsulkar/Projects/React/my-react/src/utils/UserContext.js","statementMap":{"0":{"start":{"line":3,"column":27},"end":{"line":6,"column":2}}},"fnMap":{"0":{"name":"(anonymous_0)","decl":{"start":{"line":5,"column":4},"end":{"line":5,"column":5}},"loc":{"start":{"line":5,"column":17},"end":{"line":5,"column":19}},"line":5}},"branchMap":{},"s":{"0":4},"f":{"0":2},"b":{},"_coverageSchema":"1a1c01bbd47fc00a2c39e90264f33305004495a9","hash":"bc2b48718489c76dbae9d1237d62373086b6b246"}
}
