TN:
SF:assetsTransformer.js
FN:4,(anonymous_0)
FNF:1
FNH:0
FNDA:0,(anonymous_0)
DA:1,4
DA:3,4
DA:5,0
LF:3
LH:2
BRF:0
BRH:0
end_of_record
TN:
SF:src/components/Body.js
FN:9,(anonymous_0)
FN:22,(anonymous_1)
FN:26,(anonymous_2)
FN:45,(anonymous_3)
FN:51,(anonymous_4)
FN:52,(anonymous_5)
FN:68,(anonymous_6)
FN:75,(anonymous_7)
FN:77,(anonymous_8)
FN:88,(anonymous_9)
FNF:10
FNH:10
FNDA:15,(anonymous_0)
FNDA:5,(anonymous_1)
FNDA:5,(anonymous_2)
FNDA:2,(anonymous_3)
FNDA:2,(anonymous_4)
FNDA:14,(anonymous_5)
FNDA:2,(anonymous_6)
FNDA:1,(anonymous_7)
FNDA:7,(anonymous_8)
FNDA:58,(anonymous_9)
DA:9,2
DA:10,15
DA:11,15
DA:12,15
DA:13,15
DA:14,15
DA:16,15
DA:18,15
DA:20,15
DA:22,15
DA:23,5
DA:26,15
DA:27,5
DA:28,5
DA:31,15
DA:32,15
DA:34,15
DA:35,5
DA:38,10
DA:46,2
DA:52,2
DA:53,14
DA:57,2
DA:58,2
DA:68,2
DA:76,1
DA:77,7
DA:79,1
DA:80,1
DA:89,58
LF:30
LH:30
BRDA:20,0,0,0
BRDA:20,0,1,15
BRDA:32,1,0,0
BRDA:32,1,1,15
BRDA:34,2,0,5
BRDA:34,2,1,10
BRDA:90,3,0,34
BRDA:90,3,1,24
BRF:8
BRH:6
end_of_record
TN:
SF:src/components/Cart.js
FN:5,(anonymous_0)
FN:6,(anonymous_1)
FN:16,(anonymous_2)
FNF:3
FNH:3
FNDA:4,(anonymous_0)
FNDA:8,(anonymous_1)
FNDA:1,(anonymous_2)
DA:5,1
DA:6,8
DA:7,4
DA:10,4
DA:12,4
DA:16,1
LF:6
LH:6
BRF:0
BRH:0
end_of_record
TN:
SF:src/components/Contact.js
FN:1,(anonymous_0)
FNF:1
FNH:1
FNDA:3,(anonymous_0)
DA:1,1
DA:2,3
LF:2
LH:2
BRF:0
BRH:0
end_of_record
TN:
SF:src/components/Header.js
FN:9,(anonymous_0)
FN:18,(anonymous_1)
FN:30,(anonymous_2)
FN:40,(anonymous_3)
FNF:4
FNH:3
FNDA:23,(anonymous_0)
FNDA:44,(anonymous_1)
FNDA:0,(anonymous_2)
FNDA:2,(anonymous_3)
DA:9,2
DA:10,23
DA:11,23
DA:12,23
DA:13,23
DA:16,23
DA:18,44
DA:20,23
DA:30,0
DA:41,2
LF:10
LH:9
BRDA:16,0,0,0
BRDA:16,0,1,23
BRDA:30,1,0,0
BRDA:30,1,1,0
BRDA:34,2,0,23
BRDA:34,2,1,0
BRDA:41,3,0,1
BRDA:41,3,1,1
BRF:8
BRH:4
end_of_record
TN:
SF:src/components/ItemList.js
FN:6,(anonymous_0)
FN:10,(anonymous_1)
FN:16,(anonymous_2)
FN:34,(anonymous_3)
FNF:4
FNH:4
FNDA:10,(anonymous_0)
FNDA:3,(anonymous_1)
FNDA:45,(anonymous_2)
FNDA:3,(anonymous_3)
DA:6,1
DA:8,10
DA:10,10
DA:11,3
DA:14,10
DA:17,45
DA:34,3
LF:7
LH:7
BRDA:24,0,0,45
BRDA:24,0,1,0
BRF:2
BRH:1
end_of_record
TN:
SF:src/components/RestaurantCard.js
FN:8,(anonymous_0)
FN:32,(anonymous_1)
FN:33,(anonymous_2)
FNF:3
FNH:3
FNDA:60,(anonymous_0)
FNDA:16,(anonymous_1)
FNDA:35,(anonymous_2)
DA:8,3
DA:10,60
DA:11,60
DA:13,60
DA:14,60
DA:16,60
DA:32,3
DA:33,16
DA:34,35
LF:9
LH:9
BRDA:14,0,0,0
BRDA:14,0,1,60
BRF:2
BRH:1
end_of_record
TN:
SF:src/components/RestaurantMenu.js
FN:5,(anonymous_0)
FN:12,(anonymous_1)
FN:27,(anonymous_2)
FN:32,(anonymous_3)
FNF:4
FNH:4
FNDA:27,(anonymous_0)
FNDA:240,(anonymous_1)
FNDA:144,(anonymous_2)
FNDA:6,(anonymous_3)
DA:5,1
DA:6,27
DA:7,26
DA:9,26
DA:11,16
DA:13,240
DA:17,16
DA:28,144
DA:32,6
LF:9
LH:9
BRDA:9,0,0,10
BRDA:9,0,1,16
BRDA:30,1,0,144
BRDA:30,1,1,6
BRF:4
BRH:4
end_of_record
TN:
SF:src/hooks/useOnlineStatus.js
FN:3,(anonymous_0)
FN:5,(anonymous_1)
FN:7,(anonymous_2)
FN:11,(anonymous_3)
FNF:4
FNH:2
FNDA:39,(anonymous_0)
FNDA:23,(anonymous_1)
FNDA:0,(anonymous_2)
FNDA:0,(anonymous_3)
DA:4,39
DA:5,39
DA:7,23
DA:8,0
DA:11,23
DA:12,0
DA:16,39
LF:7
LH:5
BRF:0
BRH:0
end_of_record
TN:
SF:src/redux/appStore.js
FNF:0
FNH:0
DA:4,2
LF:1
LH:1
BRF:0
BRH:0
end_of_record
TN:
SF:src/utils/ThemeContext.js
FNF:0
FNH:0
DA:4,4
LF:1
LH:1
BRF:0
BRH:0
end_of_record
TN:
SF:src/utils/UserContext.js
FN:5,(anonymous_0)
FNF:1
FNH:1
FNDA:2,(anonymous_0)
DA:3,4
LF:1
LH:1
BRF:0
BRH:0
end_of_record
